#
# A fatal error has been detected by the Java Runtime Environment:
#
#  SIGSEGV (0xb) at pc=0x000000011186f12f, pid=1051, tid=0x0000000000004f03
#
# JRE version: Java(TM) SE Runtime Environment (8.0_131-b11) (build 1.8.0_131-b11)
# Java VM: Java HotSpot(TM) 64-Bit Server VM (25.131-b11 mixed mode bsd-amd64 compressed oops)
# Problematic frame:
# C  [librxtxSerial.jnilib+0x312f]  Java_gnu_io_RXTXPort_interruptEventLoop+0x6b
#
# Failed to write core dump. Core dumps have been disabled. To enable core dumping, try "ulimit -c unlimited" before starting Java again
#
# If you would like to submit a bug report, please visit:
#   http://bugreport.java.com/bugreport/crash.jsp
# The crash happened outside the Java Virtual Machine in native code.
# See problematic frame for where to report the bug.
#

---------------  T H R E A D  ---------------

Current thread (0x00007fa77e864000):  JavaThread "Thread-0" [_thread_in_native, id=20227, stack(0x000070000dd8d000,0x000070000de8d000)]

siginfo: si_signo: 11 (SIGSEGV), si_code: 1 (SEGV_MAPERR), si_addr: 0x000070000df8f868

Registers:
RAX=0x0000000000000000, RBX=0x000070000df8f700, RCX=0x000070000de8d048, RDX=0xffffffffffffffff
RSP=0x000070000de8c560, RBP=0x000070000de8c570, RSI=0x0000000000000000, RDI=0x000000000000003c
R8 =0x0000000000000000, R9 =0x0000000002faf080, R10=0x0000000000000001, R11=0x0000000000000247
R12=0x000000000000001d, R13=0x000000011001f180, R14=0x000070000de8c5e8, R15=0x00007fa77e864000
RIP=0x000000011186f12f, EFLAGS=0x0000000000010206, ERR=0x0000000000000004
  TRAPNO=0x000000000000000e

Top of Stack: (sp=0x000070000de8c560)
0x000070000de8c560:   000000011001f180 0000000000000000
0x000070000de8c570:   000070000de8c5c8 0000000112efb9f4
0x000070000de8c580:   0000000112efb742 000070000de8c588
0x000070000de8c590:   000000011001f180 000070000de8c5e8
0x000070000de8c5a0:   000000011002a570 0000000000000000
0x000070000de8c5b0:   000000011001f180 0000000000000000
0x000070000de8c5c0:   000070000de8c5e8 000070000de8c630
0x000070000de8c5d0:   0000000112eec2bd 0000000000000000
0x000070000de8c5e0:   0000000112ef5538 0000000795956710
0x000070000de8c5f0:   000070000de8c5f0 000000011001f627
0x000070000de8c600:   000070000de8c648 000000011002a570
0x000070000de8c610:   0000000000000000 000000011001f690
0x000070000de8c620:   000070000de8c5e8 000070000de8c648
0x000070000de8c630:   000070000de8c6a0 0000000112eec2bd
0x000070000de8c640:   0000000000000000 0000000795956710
0x000070000de8c650:   0000000000000001 0000000000000000
0x000070000de8c660:   000070000de8c650 0000000110020083
0x000070000de8c670:   000070000de8c6c8 000000011002a570
0x000070000de8c680:   0000000000000000 00000001100200e8
0x000070000de8c690:   000070000de8c648 000070000de8c6c8
0x000070000de8c6a0:   000070000de8c720 0000000112eec2bd
0x000070000de8c6b0:   0000000000000000 0000000000000000
0x000070000de8c6c0:   0000000795956710 0000000795956710
0x000070000de8c6d0:   0000000000000001 00000007958ceac8
0x000070000de8c6e0:   000070000de8c6d0 0000000110014e26
0x000070000de8c6f0:   000070000de8c768 0000000110015038
0x000070000de8c700:   0000000000000000 0000000110014ef0
0x000070000de8c710:   000070000de8c6c8 000070000de8c768
0x000070000de8c720:   000070000de8c7b0 0000000112eec2bd
0x000070000de8c730:   00000000000000a6 000000000000001f
0x000070000de8c740:   000000000000001f 000000079595d270
0x000070000de8c750:   0000000795956c70 00000000000000a6 

Instructions: (pc=0x000000011186f12f)
0x000000011186f10f:   00 01 00 00 00 48 8b bb 78 01 00 00 be 06 00 00
0x000000011186f11f:   00 e8 4d 27 00 00 bf 50 c3 00 00 e8 c7 27 00 00
0x000000011186f12f:   83 bb 68 01 00 00 01 74 16 48 8b bb 78 01 00 00
0x000000011186f13f:   e8 16 27 00 00 c7 83 68 01 00 00 01 00 00 00 5b 

Register to memory mapping:

RAX=0x0000000000000000 is an unknown value
RBX=0x000070000df8f700 is an unknown value
RCX=0x000070000de8d048 is an unknown value
RDX=0xffffffffffffffff is an unknown value
RSP=0x000070000de8c560 is pointing into the stack for thread: 0x00007fa77e864000
RBP=0x000070000de8c570 is pointing into the stack for thread: 0x00007fa77e864000
RSI=0x0000000000000000 is an unknown value
RDI=0x000000000000003c is an unknown value
R8 =0x0000000000000000 is an unknown value
R9 =0x0000000002faf080 is an unknown value
R10=0x0000000000000001 is an unknown value
R11=0x0000000000000247 is an unknown value
R12=0x000000000000001d is an unknown value
R13={method} {0x000000011001f180} 'interruptEventLoop' '()V' in 'gnu/io/RXTXPort'
R14=0x000070000de8c5e8 is pointing into the stack for thread: 0x00007fa77e864000
R15=0x00007fa77e864000 is a thread


Stack: [0x000070000dd8d000,0x000070000de8d000],  sp=0x000070000de8c560,  free space=1021k
Native frames: (J=compiled Java code, j=interpreted, Vv=VM code, C=native code)
C  [librxtxSerial.jnilib+0x312f]  Java_gnu_io_RXTXPort_interruptEventLoop+0x6b
j  gnu.io.RXTXPort.interruptEventLoop()V+0
j  gnu.io.RXTXPort.removeEventListener()V+55
j  gnu.io.RXTXPort.close()V+91
j  Dimmer.send()V+342
j  Dimmer.<init>(Ljava/util/ArrayList;)V+86
j  SocketServer.manualSigAll(Ljava/lang/String;)V+146
j  SocketServer.command(Ljava/util/ArrayList;)V+173
j  SocketServer.run()V+89
v  ~StubRoutines::call_stub
V  [libjvm.dylib+0x2ee5b6]
V  [libjvm.dylib+0x2eed5a]
V  [libjvm.dylib+0x2eef06]
V  [libjvm.dylib+0x34965d]
V  [libjvm.dylib+0x56b87f]
V  [libjvm.dylib+0x56cf6c]
V  [libjvm.dylib+0x48b376]
C  [libsystem_pthread.dylib+0x39af]  _pthread_body+0xb4
C  [libsystem_pthread.dylib+0x38fb]  _pthread_body+0x0
C  [libsystem_pthread.dylib+0x3101]  thread_start+0xd
C  0x0000000000000000

Java frames: (J=compiled Java code, j=interpreted, Vv=VM code)
j  gnu.io.RXTXPort.interruptEventLoop()V+0
j  gnu.io.RXTXPort.removeEventListener()V+55
j  gnu.io.RXTXPort.close()V+91
j  Dimmer.send()V+342
j  Dimmer.<init>(Ljava/util/ArrayList;)V+86
j  SocketServer.manualSigAll(Ljava/lang/String;)V+146
j  SocketServer.command(Ljava/util/ArrayList;)V+173
j  SocketServer.run()V+89
v  ~StubRoutines::call_stub

---------------  P R O C E S S  ---------------

Java Threads: ( => current thread )
  0x00007fa77e855000 JavaThread "DestroyJavaVM" [_thread_blocked, id=7171, stack(0x000070000ce60000,0x000070000cf60000)]
=>0x00007fa77e864000 JavaThread "Thread-0" [_thread_in_native, id=20227, stack(0x000070000dd8d000,0x000070000de8d000)]
  0x00007fa77d035000 JavaThread "Service Thread" daemon [_thread_blocked, id=19203, stack(0x000070000db87000,0x000070000dc87000)]
  0x00007fa77e856800 JavaThread "C1 CompilerThread2" daemon [_thread_blocked, id=18691, stack(0x000070000da84000,0x000070000db84000)]
  0x00007fa77e855800 JavaThread "C2 CompilerThread1" daemon [_thread_blocked, id=18179, stack(0x000070000d981000,0x000070000da81000)]
  0x00007fa77d860800 JavaThread "C2 CompilerThread0" daemon [_thread_blocked, id=17667, stack(0x000070000d87e000,0x000070000d97e000)]
  0x00007fa77d85f000 JavaThread "Monitor Ctrl-Break" daemon [_thread_in_native, id=17155, stack(0x000070000d77b000,0x000070000d87b000)]
  0x00007fa77d800800 JavaThread "Signal Dispatcher" daemon [_thread_blocked, id=16643, stack(0x000070000d678000,0x000070000d778000)]
  0x00007fa77d815800 JavaThread "Finalizer" daemon [_thread_blocked, id=12547, stack(0x000070000d575000,0x000070000d675000)]
  0x00007fa77e025800 JavaThread "Reference Handler" daemon [_thread_blocked, id=12035, stack(0x000070000d472000,0x000070000d572000)]

Other Threads:
  0x00007fa77e023000 VMThread [stack: 0x000070000d36f000,0x000070000d46f000] [id=11523]
  0x00007fa77e832800 WatcherThread [stack: 0x000070000dc8a000,0x000070000dd8a000] [id=19715]

VM state:not at safepoint (normal execution)

VM Mutex/Monitor currently owned by a thread: None

Heap:
 PSYoungGen      total 38400K, used 5331K [0x0000000795580000, 0x0000000798000000, 0x00000007c0000000)
  eden space 33280K, 16% used [0x0000000795580000,0x0000000795ab4cf0,0x0000000797600000)
  from space 5120K, 0% used [0x0000000797b00000,0x0000000797b00000,0x0000000798000000)
  to   space 5120K, 0% used [0x0000000797600000,0x0000000797600000,0x0000000797b00000)
 ParOldGen       total 87552K, used 0K [0x0000000740000000, 0x0000000745580000, 0x0000000795580000)
  object space 87552K, 0% used [0x0000000740000000,0x0000000740000000,0x0000000745580000)
 Metaspace       used 3537K, capacity 4664K, committed 4864K, reserved 1056768K
  class space    used 391K, capacity 424K, committed 512K, reserved 1048576K

Card table byte_map: [0x000000010f163000,0x000000010f564000] byte_map_base: 0x000000010b763000

Marking Bits: (ParMarkBitMap*) 0x000000010e6f1ea0
 Begin Bits: [0x0000000121ee4000, 0x0000000123ee4000)
 End Bits:   [0x0000000123ee4000, 0x0000000125ee4000)

Polling page: 0x000000010d515000

CodeCache: size=245760Kb used=1225Kb max_used=1228Kb free=244534Kb
 bounds [0x0000000112ee4000, 0x0000000113154000, 0x0000000121ee4000]
 total_blobs=326 nmethods=78 adapters=162
 compilation: enabled

Compilation events (10 events):
Event: 1.208 Thread 0x00007fa77e856800   74       1       java.lang.StringCoding$StringEncoder::requestedCharsetName (5 bytes)
Event: 1.208 Thread 0x00007fa77e856800 nmethod 74 0x0000000113016ed0 code [0x0000000113017020, 0x0000000113017130]
Event: 1.208 Thread 0x00007fa77e856800   75       3       java.lang.String::substring (79 bytes)
Event: 1.208 Thread 0x00007fa77e856800 nmethod 75 0x0000000113016610 code [0x00000001130167e0, 0x0000000113016c98]
Event: 1.208 Thread 0x00007fa77e856800   76       3       java.io.File::isInvalid (47 bytes)
Event: 1.209 Thread 0x00007fa77e856800 nmethod 76 0x0000000113015f50 code [0x00000001130160e0, 0x0000000113016508]
Event: 1.216 Thread 0x00007fa77e856800   77       3       java.lang.String::replace (127 bytes)
Event: 1.217 Thread 0x00007fa77e856800 nmethod 77 0x0000000113015350 code [0x0000000113015500, 0x0000000113015bb0]
Event: 1.228 Thread 0x00007fa77e856800   78       1       java.nio.Buffer::position (5 bytes)
Event: 1.228 Thread 0x00007fa77e856800 nmethod 78 0x0000000113015090 code [0x00000001130151e0, 0x00000001130152f0]

GC Heap History (0 events):
No events

Deoptimization events (0 events):
No events

Internal exceptions (7 events):
Event: 0.055 Thread 0x00007fa77d803000 Exception <a 'java/lang/NoSuchMethodError': Method sun.misc.Unsafe.defineClass(Ljava/lang/String;[BII)Ljava/lang/Class; name or signature does not match> (0x0000000795587ca8) thrown at [/Users/java_re/workspace/8-2-build-macosx-x86_64/jdk8u131/8869/hotspo
Event: 0.055 Thread 0x00007fa77d803000 Exception <a 'java/lang/NoSuchMethodError': Method sun.misc.Unsafe.prefetchRead(Ljava/lang/Object;J)V name or signature does not match> (0x0000000795587f90) thrown at [/Users/java_re/workspace/8-2-build-macosx-x86_64/jdk8u131/8869/hotspot/src/share/vm/pri
Event: 0.192 Thread 0x00007fa77d803000 Exception <a 'java/util/zip/ZipException'> (0x0000000795606948) thrown at [/Users/java_re/workspace/8-2-build-macosx-x86_64/jdk8u131/8869/hotspot/src/share/vm/prims/jni.cpp, line 709]
Event: 0.193 Thread 0x00007fa77d803000 Exception <a 'java/security/PrivilegedActionException'> (0x0000000795607080) thrown at [/Users/java_re/workspace/8-2-build-macosx-x86_64/jdk8u131/8869/hotspot/src/share/vm/prims/jvm.cpp, line 1390]
Event: 0.193 Thread 0x00007fa77d803000 Exception <a 'java/security/PrivilegedActionException'> (0x0000000795607290) thrown at [/Users/java_re/workspace/8-2-build-macosx-x86_64/jdk8u131/8869/hotspot/src/share/vm/prims/jvm.cpp, line 1390]
Event: 1.196 Thread 0x00007fa77e864000 Exception <a 'java/io/FileNotFoundException'> (0x0000000795929d40) thrown at [/Users/java_re/workspace/8-2-build-macosx-x86_64/jdk8u131/8869/hotspot/src/share/vm/prims/jni.cpp, line 709]
Event: 1.196 Thread 0x00007fa77e864000 Exception <a 'java/io/FileNotFoundException'> (0x000000079592c128) thrown at [/Users/java_re/workspace/8-2-build-macosx-x86_64/jdk8u131/8869/hotspot/src/share/vm/prims/jni.cpp, line 709]

Events (10 events):
Event: 1.207 loading class gnu/io/UnSupportedLoggerException
Event: 1.207 loading class gnu/io/UnSupportedLoggerException done
Event: 1.207 loading class java/lang/NumberFormatException
Event: 1.207 loading class java/lang/NumberFormatException done
Event: 1.209 loading class java/lang/IndexOutOfBoundsException
Event: 1.209 loading class java/lang/IndexOutOfBoundsException done
Event: 1.216 loading class gnu/io/RXTXPort$MonitorThread
Event: 1.216 loading class gnu/io/RXTXPort$MonitorThread done
Event: 1.217 Thread 0x00007fa77e0be800 Thread added: 0x00007fa77e0be800
Event: 1.229 Thread 0x00007fa77e0be800 Thread exited: 0x00007fa77e0be800


Dynamic libraries:
0x0000000043005000 	/System/Library/Frameworks/Cocoa.framework/Versions/A/Cocoa
0x0000000043005000 	/System/Library/Frameworks/Security.framework/Versions/A/Security
0x0000000043005000 	/System/Library/Frameworks/ApplicationServices.framework/Versions/A/ApplicationServices
0x0000000043005000 	/usr/lib/libz.1.dylib
0x0000000043005000 	/usr/lib/libSystem.B.dylib
0x0000000043005000 	/usr/lib/libobjc.A.dylib
0x0000000043005000 	/System/Library/Frameworks/CoreFoundation.framework/Versions/A/CoreFoundation
0x0000000043005000 	/System/Library/Frameworks/Foundation.framework/Versions/C/Foundation
0x0000000043005000 	/System/Library/Frameworks/AppKit.framework/Versions/C/AppKit
0x0000000043005000 	/System/Library/Frameworks/CoreData.framework/Versions/A/CoreData
0x0000000043005000 	/System/Library/PrivateFrameworks/RemoteViewServices.framework/Versions/A/RemoteViewServices
0x0000000043005000 	/System/Library/PrivateFrameworks/UIFoundation.framework/Versions/A/UIFoundation
0x0000000043005000 	/System/Library/PrivateFrameworks/DFRFoundation.framework/Versions/A/DFRFoundation
0x0000000043005000 	/usr/lib/libenergytrace.dylib
0x0000000043005000 	/System/Library/PrivateFrameworks/SkyLight.framework/Versions/A/SkyLight
0x0000000043005000 	/System/Library/Frameworks/CoreGraphics.framework/Versions/A/CoreGraphics
0x0000000043005000 	/usr/lib/libScreenReader.dylib
0x0000000043005000 	/System/Library/Frameworks/Accelerate.framework/Versions/A/Accelerate
0x0000000043005000 	/System/Library/Frameworks/IOSurface.framework/Versions/A/IOSurface
0x0000000043005000 	/System/Library/Frameworks/AudioToolbox.framework/Versions/A/AudioToolbox
0x0000000043005000 	/System/Library/Frameworks/AudioUnit.framework/Versions/A/AudioUnit
0x0000000043005000 	/System/Library/PrivateFrameworks/DataDetectorsCore.framework/Versions/A/DataDetectorsCore
0x0000000043005000 	/System/Library/PrivateFrameworks/DesktopServicesPriv.framework/Versions/A/DesktopServicesPriv
0x0000000043005000 	/System/Library/Frameworks/Carbon.framework/Versions/A/Frameworks/HIToolbox.framework/Versions/A/HIToolbox
0x0000000043005000 	/usr/lib/libicucore.A.dylib
0x0000000043005000 	/System/Library/Frameworks/QuartzCore.framework/Versions/A/QuartzCore
0x0000000043005000 	/System/Library/Frameworks/Carbon.framework/Versions/A/Frameworks/SpeechRecognition.framework/Versions/A/SpeechRecognition
0x0000000043005000 	/usr/lib/libauto.dylib
0x0000000043005000 	/usr/lib/libxml2.2.dylib
0x0000000043005000 	/System/Library/PrivateFrameworks/CoreUI.framework/Versions/A/CoreUI
0x0000000043005000 	/System/Library/Frameworks/CoreAudio.framework/Versions/A/CoreAudio
0x0000000043005000 	/System/Library/Frameworks/DiskArbitration.framework/Versions/A/DiskArbitration
0x0000000043005000 	/usr/lib/liblangid.dylib
0x0000000043005000 	/System/Library/PrivateFrameworks/MultitouchSupport.framework/Versions/A/MultitouchSupport
0x0000000043005000 	/System/Library/Frameworks/IOKit.framework/Versions/A/IOKit
0x0000000043005000 	/usr/lib/libDiagnosticMessagesClient.dylib
0x0000000043005000 	/System/Library/Frameworks/CoreServices.framework/Versions/A/CoreServices
0x0000000043005000 	/System/Library/PrivateFrameworks/PerformanceAnalysis.framework/Versions/A/PerformanceAnalysis
0x0000000043005000 	/System/Library/PrivateFrameworks/GenerationalStorage.framework/Versions/A/GenerationalStorage
0x0000000043005000 	/System/Library/Frameworks/OpenGL.framework/Versions/A/OpenGL
0x0000000043005000 	/System/Library/Frameworks/CoreImage.framework/Versions/A/CoreImage
0x0000000043005000 	/System/Library/Frameworks/CoreText.framework/Versions/A/CoreText
0x0000000043005000 	/System/Library/Frameworks/ImageIO.framework/Versions/A/ImageIO
0x0000000043005000 	/System/Library/PrivateFrameworks/Backup.framework/Versions/A/Backup
0x0000000043005000 	/usr/lib/libarchive.2.dylib
0x0000000043005000 	/System/Library/Frameworks/CFNetwork.framework/Versions/A/CFNetwork
0x0000000043005000 	/System/Library/Frameworks/SystemConfiguration.framework/Versions/A/SystemConfiguration
0x0000000043005000 	/usr/lib/libCRFSuite.dylib
0x0000000043005000 	/usr/lib/libc++.1.dylib
0x0000000043005000 	/usr/lib/libc++abi.dylib
0x0000000043005000 	/usr/lib/system/libcache.dylib
0x0000000043005000 	/usr/lib/system/libcommonCrypto.dylib
0x0000000043005000 	/usr/lib/system/libcompiler_rt.dylib
0x0000000043005000 	/usr/lib/system/libcopyfile.dylib
0x0000000043005000 	/usr/lib/system/libcorecrypto.dylib
0x0000000043005000 	/usr/lib/system/libdispatch.dylib
0x0000000043005000 	/usr/lib/system/libdyld.dylib
0x0000000043005000 	/usr/lib/system/libkeymgr.dylib
0x0000000043005000 	/usr/lib/system/liblaunch.dylib
0x0000000043005000 	/usr/lib/system/libmacho.dylib
0x0000000043005000 	/usr/lib/system/libquarantine.dylib
0x0000000043005000 	/usr/lib/system/libremovefile.dylib
0x0000000043005000 	/usr/lib/system/libsystem_asl.dylib
0x0000000043005000 	/usr/lib/system/libsystem_blocks.dylib
0x0000000043005000 	/usr/lib/system/libsystem_c.dylib
0x0000000043005000 	/usr/lib/system/libsystem_configuration.dylib
0x0000000043005000 	/usr/lib/system/libsystem_coreservices.dylib
0x0000000043005000 	/usr/lib/system/libsystem_coretls.dylib
0x0000000043005000 	/usr/lib/system/libsystem_dnssd.dylib
0x0000000043005000 	/usr/lib/system/libsystem_info.dylib
0x0000000043005000 	/usr/lib/system/libsystem_kernel.dylib
0x0000000043005000 	/usr/lib/system/libsystem_m.dylib
0x0000000043005000 	/usr/lib/system/libsystem_malloc.dylib
0x0000000043005000 	/usr/lib/system/libsystem_network.dylib
0x0000000043005000 	/usr/lib/system/libsystem_networkextension.dylib
0x0000000043005000 	/usr/lib/system/libsystem_notify.dylib
0x0000000043005000 	/usr/lib/system/libsystem_platform.dylib
0x0000000043005000 	/usr/lib/system/libsystem_pthread.dylib
0x0000000043005000 	/usr/lib/system/libsystem_sandbox.dylib
0x0000000043005000 	/usr/lib/system/libsystem_secinit.dylib
0x0000000043005000 	/usr/lib/system/libsystem_symptoms.dylib
0x0000000043005000 	/usr/lib/system/libsystem_trace.dylib
0x0000000043005000 	/usr/lib/system/libunwind.dylib
0x0000000043005000 	/usr/lib/system/libxpc.dylib
0x0000000043005000 	/usr/lib/libbsm.0.dylib
0x0000000043005000 	/usr/lib/system/libkxld.dylib
0x0000000043005000 	/usr/lib/libcoretls.dylib
0x0000000043005000 	/usr/lib/libcoretls_cfhelpers.dylib
0x0000000043005000 	/usr/lib/libOpenScriptingUtil.dylib
0x0000000043005000 	/usr/lib/libpam.2.dylib
0x0000000043005000 	/usr/lib/libsqlite3.dylib
0x0000000043005000 	/usr/lib/libxar.1.dylib
0x0000000043005000 	/usr/lib/libbz2.1.0.dylib
0x0000000043005000 	/usr/lib/liblzma.5.dylib
0x0000000043005000 	/usr/lib/libnetwork.dylib
0x0000000043005000 	/usr/lib/libpcap.A.dylib
0x0000000043005000 	/System/Library/Frameworks/CoreServices.framework/Versions/A/Frameworks/FSEvents.framework/Versions/A/FSEvents
0x0000000043005000 	/System/Library/Frameworks/CoreServices.framework/Versions/A/Frameworks/CarbonCore.framework/Versions/A/CarbonCore
0x0000000043005000 	/System/Library/Frameworks/CoreServices.framework/Versions/A/Frameworks/Metadata.framework/Versions/A/Metadata
0x0000000043005000 	/System/Library/Frameworks/CoreServices.framework/Versions/A/Frameworks/OSServices.framework/Versions/A/OSServices
0x0000000043005000 	/System/Library/Frameworks/CoreServices.framework/Versions/A/Frameworks/SearchKit.framework/Versions/A/SearchKit
0x0000000043005000 	/System/Library/Frameworks/CoreServices.framework/Versions/A/Frameworks/AE.framework/Versions/A/AE
0x0000000043005000 	/System/Library/Frameworks/CoreServices.framework/Versions/A/Frameworks/LaunchServices.framework/Versions/A/LaunchServices
0x0000000043005000 	/System/Library/Frameworks/CoreServices.framework/Versions/A/Frameworks/DictionaryServices.framework/Versions/A/DictionaryServices
0x0000000043005000 	/System/Library/Frameworks/CoreServices.framework/Versions/A/Frameworks/SharedFileList.framework/Versions/A/SharedFileList
0x0000000043005000 	/System/Library/Frameworks/NetFS.framework/Versions/A/NetFS
0x0000000043005000 	/System/Library/PrivateFrameworks/NetAuth.framework/Versions/A/NetAuth
0x0000000043005000 	/System/Library/PrivateFrameworks/login.framework/Versions/A/Frameworks/loginsupport.framework/Versions/A/loginsupport
0x0000000043005000 	/System/Library/PrivateFrameworks/TCC.framework/Versions/A/TCC
0x0000000043005000 	/usr/lib/libmecabra.dylib
0x0000000043005000 	/System/Library/Frameworks/ApplicationServices.framework/Versions/A/Frameworks/ATS.framework/Versions/A/ATS
0x0000000043005000 	/System/Library/Frameworks/ApplicationServices.framework/Versions/A/Frameworks/ColorSync.framework/Versions/A/ColorSync
0x0000000043005000 	/System/Library/Frameworks/ApplicationServices.framework/Versions/A/Frameworks/HIServices.framework/Versions/A/HIServices
0x0000000043005000 	/System/Library/Frameworks/ApplicationServices.framework/Versions/A/Frameworks/LangAnalysis.framework/Versions/A/LangAnalysis
0x0000000043005000 	/System/Library/Frameworks/ApplicationServices.framework/Versions/A/Frameworks/PrintCore.framework/Versions/A/PrintCore
0x0000000043005000 	/System/Library/Frameworks/ApplicationServices.framework/Versions/A/Frameworks/QD.framework/Versions/A/QD
0x0000000043005000 	/System/Library/Frameworks/ApplicationServices.framework/Versions/A/Frameworks/SpeechSynthesis.framework/Versions/A/SpeechSynthesis
0x0000000043005000 	/System/Library/Frameworks/Accelerate.framework/Versions/A/Frameworks/vImage.framework/Versions/A/vImage
0x0000000043005000 	/System/Library/Frameworks/Accelerate.framework/Versions/A/Frameworks/vecLib.framework/Versions/A/vecLib
0x0000000043005000 	/System/Library/Frameworks/Accelerate.framework/Versions/A/Frameworks/vecLib.framework/Versions/A/libvDSP.dylib
0x0000000043005000 	/System/Library/Frameworks/Accelerate.framework/Versions/A/Frameworks/vecLib.framework/Versions/A/libBNNS.dylib
0x0000000043005000 	/System/Library/Frameworks/Accelerate.framework/Versions/A/Frameworks/vecLib.framework/Versions/A/libQuadrature.dylib
0x0000000043005000 	/System/Library/Frameworks/Accelerate.framework/Versions/A/Frameworks/vecLib.framework/Versions/A/libvMisc.dylib
0x0000000043005000 	/System/Library/Frameworks/Accelerate.framework/Versions/A/Frameworks/vecLib.framework/Versions/A/libLAPACK.dylib
0x0000000043005000 	/System/Library/Frameworks/Accelerate.framework/Versions/A/Frameworks/vecLib.framework/Versions/A/libBLAS.dylib
0x0000000043005000 	/System/Library/Frameworks/Accelerate.framework/Versions/A/Frameworks/vecLib.framework/Versions/A/libLinearAlgebra.dylib
0x0000000043005000 	/System/Library/Frameworks/Accelerate.framework/Versions/A/Frameworks/vecLib.framework/Versions/A/libSparseBLAS.dylib
0x0000000043005000 	/System/Library/Frameworks/ApplicationServices.framework/Versions/A/Frameworks/ATS.framework/Versions/A/Resources/libFontParser.dylib
0x0000000043005000 	/System/Library/Frameworks/ApplicationServices.framework/Versions/A/Frameworks/ATS.framework/Versions/A/Resources/libFontRegistry.dylib
0x0000000043005000 	/System/Library/Frameworks/ImageIO.framework/Versions/A/Resources/libJPEG.dylib
0x0000000043005000 	/System/Library/Frameworks/ImageIO.framework/Versions/A/Resources/libTIFF.dylib
0x0000000043005000 	/System/Library/Frameworks/ImageIO.framework/Versions/A/Resources/libPng.dylib
0x0000000043005000 	/System/Library/Frameworks/ImageIO.framework/Versions/A/Resources/libGIF.dylib
0x0000000043005000 	/System/Library/Frameworks/ImageIO.framework/Versions/A/Resources/libJP2.dylib
0x0000000043005000 	/System/Library/Frameworks/ImageIO.framework/Versions/A/Resources/libRadiance.dylib
0x0000000043005000 	/usr/lib/libcompression.dylib
0x0000000043005000 	/System/Library/PrivateFrameworks/AppleJPEG.framework/Versions/A/AppleJPEG
0x0000000043005000 	/usr/lib/libcups.2.dylib
0x0000000043005000 	/System/Library/Frameworks/Kerberos.framework/Versions/A/Kerberos
0x0000000043005000 	/System/Library/Frameworks/GSS.framework/Versions/A/GSS
0x0000000043005000 	/usr/lib/libresolv.9.dylib
0x0000000043005000 	/usr/lib/libiconv.2.dylib
0x0000000043005000 	/System/Library/PrivateFrameworks/Heimdal.framework/Versions/A/Heimdal
0x0000000043005000 	/usr/lib/libheimdal-asn1.dylib
0x0000000043005000 	/System/Library/Frameworks/OpenDirectory.framework/Versions/A/OpenDirectory
0x0000000043005000 	/System/Library/PrivateFrameworks/CommonAuth.framework/Versions/A/CommonAuth
0x0000000043005000 	/System/Library/Frameworks/OpenDirectory.framework/Versions/A/Frameworks/CFOpenDirectory.framework/Versions/A/CFOpenDirectory
0x0000000043005000 	/System/Library/Frameworks/SecurityFoundation.framework/Versions/A/SecurityFoundation
0x0000000043005000 	/System/Library/PrivateFrameworks/LanguageModeling.framework/Versions/A/LanguageModeling
0x0000000043005000 	/usr/lib/libmarisa.dylib
0x0000000043005000 	/usr/lib/libChineseTokenizer.dylib
0x0000000043005000 	/usr/lib/libcmph.dylib
0x0000000043005000 	/System/Library/PrivateFrameworks/CoreEmoji.framework/Versions/A/CoreEmoji
0x0000000043005000 	/System/Library/Frameworks/ServiceManagement.framework/Versions/A/ServiceManagement
0x0000000043005000 	/usr/lib/libxslt.1.dylib
0x0000000043005000 	/System/Library/Frameworks/Carbon.framework/Versions/A/Frameworks/Ink.framework/Versions/A/Ink
0x0000000043005000 	/System/Library/PrivateFrameworks/TextureIO.framework/Versions/A/TextureIO
0x0000000043005000 	/System/Library/Frameworks/Metal.framework/Versions/A/Metal
0x0000000043005000 	/usr/lib/libate.dylib
0x0000000043005000 	/System/Library/PrivateFrameworks/GPUCompiler.framework/libmetal_timestamp.dylib
0x0000000043005000 	/System/Library/Frameworks/OpenGL.framework/Versions/A/Libraries/libCoreFSCache.dylib
0x0000000043005000 	/System/Library/PrivateFrameworks/IOAccelerator.framework/Versions/A/IOAccelerator
0x0000000043005000 	/System/Library/Frameworks/CoreVideo.framework/Versions/A/CoreVideo
0x0000000043005000 	/usr/lib/libFosl_dynamic.dylib
0x0000000043005000 	/System/Library/PrivateFrameworks/MetalPerformanceShaders.framework/Versions/A/MetalPerformanceShaders
0x0000000043005000 	/System/Library/PrivateFrameworks/FaceCore.framework/Versions/A/FaceCore
0x0000000043005000 	/System/Library/Frameworks/OpenCL.framework/Versions/A/OpenCL
0x0000000043005000 	/System/Library/Frameworks/OpenGL.framework/Versions/A/Libraries/libGLU.dylib
0x0000000043005000 	/System/Library/Frameworks/OpenGL.framework/Versions/A/Libraries/libGFXShared.dylib
0x0000000043005000 	/System/Library/Frameworks/OpenGL.framework/Versions/A/Libraries/libGL.dylib
0x0000000043005000 	/System/Library/Frameworks/OpenGL.framework/Versions/A/Libraries/libGLImage.dylib
0x0000000043005000 	/System/Library/Frameworks/OpenGL.framework/Versions/A/Libraries/libCVMSPluginSupport.dylib
0x0000000043005000 	/System/Library/Frameworks/OpenGL.framework/Versions/A/Libraries/libCoreVMClient.dylib
0x0000000043005000 	/System/Library/PrivateFrameworks/CrashReporterSupport.framework/Versions/A/CrashReporterSupport
0x0000000043005000 	/System/Library/PrivateFrameworks/Sharing.framework/Versions/A/Sharing
0x0000000043005000 	/System/Library/PrivateFrameworks/IconServices.framework/Versions/A/IconServices
0x0000000043005000 	/System/Library/PrivateFrameworks/ProtocolBuffer.framework/Versions/A/ProtocolBuffer
0x0000000043005000 	/System/Library/PrivateFrameworks/Apple80211.framework/Versions/A/Apple80211
0x0000000043005000 	/System/Library/Frameworks/CoreWLAN.framework/Versions/A/CoreWLAN
0x0000000043005000 	/System/Library/PrivateFrameworks/CoreUtils.framework/Versions/A/CoreUtils
0x0000000043005000 	/System/Library/Frameworks/IOBluetooth.framework/Versions/A/IOBluetooth
0x0000000043005000 	/System/Library/PrivateFrameworks/CoreWiFi.framework/Versions/A/CoreWiFi
0x0000000043005000 	/System/Library/Frameworks/CoreBluetooth.framework/Versions/A/CoreBluetooth
0x0000000043005000 	/System/Library/Frameworks/CoreDisplay.framework/Versions/A/CoreDisplay
0x0000000043005000 	/System/Library/PrivateFrameworks/IOPresentment.framework/Versions/A/IOPresentment
0x0000000043005000 	/System/Library/PrivateFrameworks/DSExternalDisplay.framework/Versions/A/DSExternalDisplay
0x0000000043005000 	/System/Library/PrivateFrameworks/DebugSymbols.framework/Versions/A/DebugSymbols
0x0000000043005000 	/System/Library/PrivateFrameworks/CoreSymbolication.framework/Versions/A/CoreSymbolication
0x0000000043005000 	/System/Library/PrivateFrameworks/Symbolication.framework/Versions/A/Symbolication
0x0000000043005000 	/System/Library/PrivateFrameworks/AppleFSCompression.framework/Versions/A/AppleFSCompression
0x0000000043005000 	/System/Library/PrivateFrameworks/SpeechRecognitionCore.framework/Versions/A/SpeechRecognitionCore
0x0000000043005000 	/System/Library/PrivateFrameworks/ChunkingLibrary.framework/Versions/A/ChunkingLibrary
0x0000000052b80000 	/System/Library/CoreServices/Encodings/libJapaneseConverter.dylib
0x000000010de00000 	/Library/Java/JavaVirtualMachines/jdk1.8.0_131.jdk/Contents/Home/jre/lib/server/libjvm.dylib
0x0000000043005000 	/usr/lib/libstdc++.6.dylib
0x000000010d4d2000 	/Library/Java/JavaVirtualMachines/jdk1.8.0_131.jdk/Contents/Home/jre/lib/libverify.dylib
0x000000010d4e0000 	/Library/Java/JavaVirtualMachines/jdk1.8.0_131.jdk/Contents/Home/jre/lib/libjava.dylib
0x000000010d516000 	/Library/Java/JavaVirtualMachines/jdk1.8.0_131.jdk/Contents/Home/jre/lib/libinstrument.dylib
0x000000010d574000 	/Library/Java/JavaVirtualMachines/jdk1.8.0_131.jdk/Contents/Home/jre/lib/libzip.dylib
0x000000011165b000 	/System/Library/Frameworks/JavaVM.framework/Frameworks/JavaRuntimeSupport.framework/JavaRuntimeSupport
0x0000000111675000 	/System/Library/Frameworks/JavaVM.framework/Versions/A/Frameworks/JavaNativeFoundation.framework/Versions/A/JavaNativeFoundation
0x000000011168a000 	/System/Library/Frameworks/JavaVM.framework/Versions/A/JavaVM
0x0000000043005000 	/System/Library/Frameworks/Carbon.framework/Versions/A/Carbon
0x0000000111697000 	/System/Library/PrivateFrameworks/JavaLaunching.framework/Versions/A/JavaLaunching
0x0000000043005000 	/System/Library/Frameworks/Carbon.framework/Versions/A/Frameworks/CommonPanels.framework/Versions/A/CommonPanels
0x0000000043005000 	/System/Library/Frameworks/Carbon.framework/Versions/A/Frameworks/Help.framework/Versions/A/Help
0x0000000043005000 	/System/Library/Frameworks/Carbon.framework/Versions/A/Frameworks/ImageCapture.framework/Versions/A/ImageCapture
0x0000000043005000 	/System/Library/Frameworks/Carbon.framework/Versions/A/Frameworks/OpenScripting.framework/Versions/A/OpenScripting
0x0000000043005000 	/System/Library/Frameworks/Carbon.framework/Versions/A/Frameworks/Print.framework/Versions/A/Print
0x0000000043005000 	/System/Library/Frameworks/Carbon.framework/Versions/A/Frameworks/SecurityHI.framework/Versions/A/SecurityHI
0x000000011180d000 	/Library/Java/JavaVirtualMachines/jdk1.8.0_131.jdk/Contents/Home/jre/lib/libnet.dylib
0x000000011186c000 	/Library/Java/Extensions/librxtxSerial.jnilib

VM Arguments:
jvm_args: -javaagent:/Applications/IntelliJ IDEA.app/Contents/lib/idea_rt.jar=50287:/Applications/IntelliJ IDEA.app/Contents/bin -Dfile.encoding=UTF-8 
java_command: Manager
java_class_path (initial): /Library/Java/JavaVirtualMachines/jdk1.8.0_131.jdk/Contents/Home/jre/lib/charsets.jar:/Library/Java/JavaVirtualMachines/jdk1.8.0_131.jdk/Contents/Home/jre/lib/deploy.jar:/Library/Java/JavaVirtualMachines/jdk1.8.0_131.jdk/Contents/Home/jre/lib/ext/cldrdata.jar:/Library/Java/JavaVirtualMachines/jdk1.8.0_131.jdk/Contents/Home/jre/lib/ext/dnsns.jar:/Library/Java/JavaVirtualMachines/jdk1.8.0_131.jdk/Contents/Home/jre/lib/ext/jaccess.jar:/Library/Java/JavaVirtualMachines/jdk1.8.0_131.jdk/Contents/Home/jre/lib/ext/jfxrt.jar:/Library/Java/JavaVirtualMachines/jdk1.8.0_131.jdk/Contents/Home/jre/lib/ext/localedata.jar:/Library/Java/JavaVirtualMachines/jdk1.8.0_131.jdk/Contents/Home/jre/lib/ext/nashorn.jar:/Library/Java/JavaVirtualMachines/jdk1.8.0_131.jdk/Contents/Home/jre/lib/ext/sunec.jar:/Library/Java/JavaVirtualMachines/jdk1.8.0_131.jdk/Contents/Home/jre/lib/ext/sunjce_provider.jar:/Library/Java/JavaVirtualMachines/jdk1.8.0_131.jdk/Contents/Home/jre/lib/ext/sunpkcs11.jar:/Library/Java/JavaVirtualMachines/jdk1.8.0_131.jdk/Contents/Home/jre/lib/ext/zipfs.jar:/Library/Java/JavaVirtualMachines/jdk1.8.0_131.jdk/Contents/Home/jre/lib/javaws.jar:/Library/Java/JavaVirtualMachines/jdk1.8.0_131.jdk/Contents/Home/jre/lib/jce.jar:/Library/Java/JavaVirtualMachines/jdk1.8.0_131.jdk/Contents/Home/jre/lib/jfr.jar:/Library/Java/JavaVirtualMachines/jdk1.8.0_131.jdk/Contents/Home/jre/lib/jfxswt.jar:/Library/Java/JavaVirtualMachines/jdk1.8.0_131.jdk/Contents/Home/jre/lib/jsse.jar:/Library/Java/JavaVirtualMachines/jdk1.8.0_131.jdk/Contents/Home/jre/lib/management-agent.jar:/Library/Java/JavaVirtualMachines/jdk1.8.0_131.jdk/Contents/Home/jre/lib/plugin.jar:/Library/Java/JavaVirtualMachines/jdk1.8.0_131.jdk/Contents/Home/jre/lib/resources.jar:/Library/Java/JavaVirtualMachines/jdk1.8.0_131.jdk/Contents/Home/jre/lib/rt.jar:/Library/Java/JavaVirtualMachines/jdk1.8.0_131.jdk/Contents/Home/lib/ant-javafx.jar:/Library/Java/JavaVirtualMachines/jdk1.8.0_131.jdk/Contents/Home
Launcher Type: SUN_STANDARD

Environment Variables:
PATH=/Applications/UpTeX.app/Contents/Resources/TEX/texbin:/usr/local/bin:/usr/bin:/bin:/usr/sbin:/sbin:/usr/local/bin:/usr/bin
SHELL=/usr/local/bin/zsh

Signal Handlers:
SIGSEGV: [libjvm.dylib+0x5b1eb1], sa_mask[0]=11111111011111110111111111111111, sa_flags=SA_ONSTACK|SA_RESTART|SA_SIGINFO
SIGBUS: [libjvm.dylib+0x5b1eb1], sa_mask[0]=11111111011111110111111111111111, sa_flags=SA_RESTART|SA_SIGINFO
SIGFPE: [libjvm.dylib+0x488988], sa_mask[0]=11111111011111110111111111111111, sa_flags=SA_RESTART|SA_SIGINFO
SIGPIPE: [libjvm.dylib+0x488988], sa_mask[0]=11111111011111110111111111111111, sa_flags=SA_RESTART|SA_SIGINFO
SIGXFSZ: [libjvm.dylib+0x488988], sa_mask[0]=11111111011111110111111111111111, sa_flags=SA_RESTART|SA_SIGINFO
SIGILL: [libjvm.dylib+0x488988], sa_mask[0]=11111111011111110111111111111111, sa_flags=SA_RESTART|SA_SIGINFO
SIGUSR1: SIG_DFL, sa_mask[0]=00000000000000000000000000000000, sa_flags=none
SIGUSR2: [libjvm.dylib+0x4884a6], sa_mask[0]=00100000000000000000000000000000, sa_flags=SA_RESTART|SA_SIGINFO
SIGHUP: [libjvm.dylib+0x486a7d], sa_mask[0]=11111111011111110111111111111111, sa_flags=SA_RESTART|SA_SIGINFO
SIGINT: [libjvm.dylib+0x486a7d], sa_mask[0]=11111111011111110111111111111111, sa_flags=SA_RESTART|SA_SIGINFO
SIGTERM: [libjvm.dylib+0x486a7d], sa_mask[0]=11111111011111110111111111111111, sa_flags=SA_RESTART|SA_SIGINFO
SIGQUIT: [libjvm.dylib+0x486a7d], sa_mask[0]=11111111011111110111111111111111, sa_flags=SA_RESTART|SA_SIGINFO


---------------  S Y S T E M  ---------------

OS:Bsduname:Darwin 16.5.0 Darwin Kernel Version 16.5.0: Fri Mar  3 16:52:33 PST 2017; root:xnu-3789.51.2~3/RELEASE_X86_64 x86_64
rlimit: STACK 8192k, CORE 0k, NPROC 709, NOFILE 10240, AS infinity
load average:2.59 2.28 4.56

CPU:total 4 (initial active 4) (2 cores per cpu, 2 threads per core) family 6 model 69 stepping 1, cmov, cx8, fxsr, mmx, sse, sse2, sse3, ssse3, sse4.1, sse4.2, popcnt, avx, avx2, aes, clmul, erms, lzcnt, ht, tsc, tscinvbit, bmi1, bmi2

Memory: 4k page, physical 8388608k(309264k free)

/proc/meminfo:


vm_info: Java HotSpot(TM) 64-Bit Server VM (25.131-b11) for bsd-amd64 JRE (1.8.0_131-b11), built on Mar 15 2017 01:32:22 by "java_re" with gcc 4.2.1 (Based on Apple Inc. build 5658) (LLVM build 2336.11.00)

time: Tue Jun 13 23:10:46 2017
elapsed time: 1 seconds (0d 0h 0m 1s)

