#
# A fatal error has been detected by the Java Runtime Environment:
#
#  SIGSEGV (0xb) at pc=0x0000000112f0a12f, pid=982, tid=0x0000000000004f03
#
# JRE version: Java(TM) SE Runtime Environment (8.0_131-b11) (build 1.8.0_131-b11)
# Java VM: Java HotSpot(TM) 64-Bit Server VM (25.131-b11 mixed mode bsd-amd64 compressed oops)
# Problematic frame:
# C  [librxtxSerial.jnilib+0x312f]  Java_gnu_io_RXTXPort_interruptEventLoop+0x6b
#
# Failed to write core dump. Core dumps have been disabled. To enable core dumping, try "ulimit -c unlimited" before starting Java again
#
# If you would like to submit a bug report, please visit:
#   http://bugreport.java.com/bugreport/crash.jsp
# The crash happened outside the Java Virtual Machine in native code.
# See problematic frame for where to report the bug.
#

---------------  T H R E A D  ---------------

Current thread (0x00007fe9cc098800):  JavaThread "Thread-0" [_thread_in_native, id=20227, stack(0x000070000ff30000,0x0000700010030000)]

siginfo: si_signo: 11 (SIGSEGV), si_code: 1 (SEGV_MAPERR), si_addr: 0x0000700010132868

Registers:
RAX=0x0000000000000000, RBX=0x0000700010132700, RCX=0x0000700010030048, RDX=0xffffffffffffffff
RSP=0x000070001002f570, RBP=0x000070001002f580, RSI=0x0000000000000000, RDI=0x000000000000003c
R8 =0x0000000000000000, R9 =0x0000000002faf080, R10=0x0000000000000001, R11=0x0000000000000247
R12=0x000000000000001d, R13=0x000000010fe7c018, R14=0x000070001002f600, R15=0x00007fe9cc098800
RIP=0x0000000112f0a12f, EFLAGS=0x0000000000010206, ERR=0x0000000000000004
  TRAPNO=0x000000000000000e

Top of Stack: (sp=0x000070001002f570)
0x000070001002f570:   000000010fe7c018 0000000000000000
0x000070001002f580:   000070001002f5e0 00000001174af9f4
0x000070001002f590:   00000001174bb6e3 00000001174af742
0x000070001002f5a0:   000070001002f5a0 000000010fe7c018
0x000070001002f5b0:   000070001002f600 000000010fe87428
0x000070001002f5c0:   0000000000000000 000000010fe7c018
0x000070001002f5d0:   0000000000000000 000070001002f600
0x000070001002f5e0:   000070001002f648 00000001174a02bd
0x000070001002f5f0:   0000000000000000 00000001174a9538
0x000070001002f600:   00000007958afe78 000070001002f608
0x000070001002f610:   000000010fe7c4bf 000070001002f660
0x000070001002f620:   000000010fe87428 0000000000000000
0x000070001002f630:   000000010fe7c528 000070001002f600
0x000070001002f640:   000070001002f660 000070001002f6b8
0x000070001002f650:   00000001174a02bd 0000000000000000
0x000070001002f660:   00000007958afe78 0000000000000001
0x000070001002f670:   0000000000000000 000070001002f668
0x000070001002f680:   000000010fe7cf1b 000070001002f6e0
0x000070001002f690:   000000010fe87428 0000000000000000
0x000070001002f6a0:   000000010fe7cf80 000070001002f660
0x000070001002f6b0:   000070001002f6e0 000070001002f728
0x000070001002f6c0:   00000001174a02bd 0000000000000000
0x000070001002f6d0:   0000000000000000 00000007958afe78
0x000070001002f6e0:   00000007958afe78 000070001002f6e8
0x000070001002f6f0:   000000010fe71d82 000070001002f768
0x000070001002f700:   000000010fe71f50 0000000000000000
0x000070001002f710:   000000010fe71e20 000070001002f6e0
0x000070001002f720:   000070001002f768 000070001002f7b0
0x000070001002f730:   00000001174a02bd 00000000000000a6
0x000070001002f740:   000000000000001f 000000000000001f
0x000070001002f750:   00000007958b69d8 00000000000000a6
0x000070001002f760:   00000007958b69d8 0000000795828230 

Instructions: (pc=0x0000000112f0a12f)
0x0000000112f0a10f:   00 01 00 00 00 48 8b bb 78 01 00 00 be 06 00 00
0x0000000112f0a11f:   00 e8 4d 27 00 00 bf 50 c3 00 00 e8 c7 27 00 00
0x0000000112f0a12f:   83 bb 68 01 00 00 01 74 16 48 8b bb 78 01 00 00
0x0000000112f0a13f:   e8 16 27 00 00 c7 83 68 01 00 00 01 00 00 00 5b 

Register to memory mapping:

RAX=0x0000000000000000 is an unknown value
RBX=0x0000700010132700 is an unknown value
RCX=0x0000700010030048 is an unknown value
RDX=0xffffffffffffffff is an unknown value
RSP=0x000070001002f570 is pointing into the stack for thread: 0x00007fe9cc098800
RBP=0x000070001002f580 is pointing into the stack for thread: 0x00007fe9cc098800
RSI=0x0000000000000000 is an unknown value
RDI=0x000000000000003c is an unknown value
R8 =0x0000000000000000 is an unknown value
R9 =0x0000000002faf080 is an unknown value
R10=0x0000000000000001 is an unknown value
R11=0x0000000000000247 is an unknown value
R12=0x000000000000001d is an unknown value
R13={method} {0x000000010fe7c018} 'interruptEventLoop' '()V' in 'gnu/io/RXTXPort'
R14=0x000070001002f600 is pointing into the stack for thread: 0x00007fe9cc098800
R15=0x00007fe9cc098800 is a thread


Stack: [0x000070000ff30000,0x0000700010030000],  sp=0x000070001002f570,  free space=1021k
Native frames: (J=compiled Java code, j=interpreted, Vv=VM code, C=native code)
C  [librxtxSerial.jnilib+0x312f]  Java_gnu_io_RXTXPort_interruptEventLoop+0x6b
j  gnu.io.RXTXPort.interruptEventLoop()V+0
j  gnu.io.RXTXPort.removeEventListener()V+55
j  gnu.io.RXTXPort.close()V+91
j  Dimmer.send()V+322
j  Dimmer.<init>(Ljava/util/ArrayList;)V+86
j  SocketServer.manualSigAll(Ljava/lang/String;)V+146
j  SocketServer.command(Ljava/util/ArrayList;)V+173
j  SocketServer.run()V+89
v  ~StubRoutines::call_stub
V  [libjvm.dylib+0x2ee5b6]  JavaCalls::call_helper(JavaValue*, methodHandle*, JavaCallArguments*, Thread*)+0x6ae
V  [libjvm.dylib+0x2eed5a]  JavaCalls::call_virtual(JavaValue*, KlassHandle, Symbol*, Symbol*, JavaCallArguments*, Thread*)+0x164
V  [libjvm.dylib+0x2eef06]  JavaCalls::call_virtual(JavaValue*, Handle, KlassHandle, Symbol*, Symbol*, Thread*)+0x4a
V  [libjvm.dylib+0x34965d]  thread_entry(JavaThread*, Thread*)+0x7c
V  [libjvm.dylib+0x56b87f]  JavaThread::thread_main_inner()+0x9b
V  [libjvm.dylib+0x56cf6c]  JavaThread::run()+0x1c2
V  [libjvm.dylib+0x48b376]  java_start(Thread*)+0xf6
C  [libsystem_pthread.dylib+0x39af]  _pthread_body+0xb4
C  [libsystem_pthread.dylib+0x38fb]  _pthread_body+0x0
C  [libsystem_pthread.dylib+0x3101]  thread_start+0xd
C  0x0000000000000000

Java frames: (J=compiled Java code, j=interpreted, Vv=VM code)
j  gnu.io.RXTXPort.interruptEventLoop()V+0
j  gnu.io.RXTXPort.removeEventListener()V+55
j  gnu.io.RXTXPort.close()V+91
j  Dimmer.send()V+322
j  Dimmer.<init>(Ljava/util/ArrayList;)V+86
j  SocketServer.manualSigAll(Ljava/lang/String;)V+146
j  SocketServer.command(Ljava/util/ArrayList;)V+173
j  SocketServer.run()V+89
v  ~StubRoutines::call_stub

---------------  P R O C E S S  ---------------

Java Threads: ( => current thread )
  0x00007fe9cd864000 JavaThread "DestroyJavaVM" [_thread_blocked, id=3587, stack(0x000070000ee7a000,0x000070000ef7a000)]
=>0x00007fe9cc098800 JavaThread "Thread-0" [_thread_in_native, id=20227, stack(0x000070000ff30000,0x0000700010030000)]
  0x00007fe9cd039000 JavaThread "Service Thread" daemon [_thread_blocked, id=19203, stack(0x000070000fd2a000,0x000070000fe2a000)]
  0x00007fe9cd810800 JavaThread "C1 CompilerThread2" daemon [_thread_blocked, id=18691, stack(0x000070000fc27000,0x000070000fd27000)]
  0x00007fe9cd809800 JavaThread "C2 CompilerThread1" daemon [_thread_blocked, id=18179, stack(0x000070000fb24000,0x000070000fc24000)]
  0x00007fe9cc01f000 JavaThread "C2 CompilerThread0" daemon [_thread_blocked, id=17667, stack(0x000070000fa21000,0x000070000fb21000)]
  0x00007fe9cc87a000 JavaThread "Monitor Ctrl-Break" daemon [_thread_in_native, id=17155, stack(0x000070000f91e000,0x000070000fa1e000)]
  0x00007fe9cc809000 JavaThread "Signal Dispatcher" daemon [_thread_blocked, id=16643, stack(0x000070000f81b000,0x000070000f91b000)]
  0x00007fe9cd82d000 JavaThread "Finalizer" daemon [_thread_blocked, id=12291, stack(0x000070000f718000,0x000070000f818000)]
  0x00007fe9cd82a800 JavaThread "Reference Handler" daemon [_thread_blocked, id=11779, stack(0x000070000f615000,0x000070000f715000)]

Other Threads:
  0x00007fe9cd02c800 VMThread [stack: 0x000070000f512000,0x000070000f612000] [id=11267]
  0x00007fe9cc02f800 WatcherThread [stack: 0x000070000fe2d000,0x000070000ff2d000] [id=19715]

VM state:not at safepoint (normal execution)

VM Mutex/Monitor currently owned by a thread: None

Heap:
 PSYoungGen      total 38400K, used 5331K [0x0000000795580000, 0x0000000798000000, 0x00000007c0000000)
  eden space 33280K, 16% used [0x0000000795580000,0x0000000795ab4cf0,0x0000000797600000)
  from space 5120K, 0% used [0x0000000797b00000,0x0000000797b00000,0x0000000798000000)
  to   space 5120K, 0% used [0x0000000797600000,0x0000000797600000,0x0000000797b00000)
 ParOldGen       total 87552K, used 0K [0x0000000740000000, 0x0000000745580000, 0x0000000795580000)
  object space 87552K, 0% used [0x0000000740000000,0x0000000740000000,0x0000000745580000)
 Metaspace       used 3538K, capacity 4664K, committed 4864K, reserved 1056768K
  class space    used 391K, capacity 424K, committed 512K, reserved 1048576K

Card table byte_map: [0x000000010afc0000,0x000000010b3c1000] byte_map_base: 0x00000001075c0000

Marking Bits: (ParMarkBitMap*) 0x0000000109ba5ea0
 Begin Bits: [0x000000010b66c000, 0x000000010d66c000)
 End Bits:   [0x000000010d66c000, 0x000000010f66c000)

Polling page: 0x000000010a29a000

CodeCache: size=245760Kb used=1227Kb max_used=1230Kb free=244533Kb
 bounds [0x0000000117498000, 0x0000000117708000, 0x0000000126498000]
 total_blobs=328 nmethods=80 adapters=162
 compilation: enabled

Compilation events (10 events):
Event: 3.200 Thread 0x00007fe9cd810800   76       1       java.lang.StringCoding$StringEncoder::requestedCharsetName (5 bytes)
Event: 3.200 Thread 0x00007fe9cd810800 nmethod 76 0x00000001175cb210 code [0x00000001175cb360, 0x00000001175cb470]
Event: 3.200 Thread 0x00007fe9cd810800   77       3       java.lang.String::substring (79 bytes)
Event: 3.201 Thread 0x00007fe9cd810800 nmethod 77 0x00000001175ca950 code [0x00000001175cab20, 0x00000001175cafd8]
Event: 3.201 Thread 0x00007fe9cd810800   78       3       java.io.File::isInvalid (47 bytes)
Event: 3.201 Thread 0x00007fe9cd810800 nmethod 78 0x00000001175ca290 code [0x00000001175ca420, 0x00000001175ca848]
Event: 3.211 Thread 0x00007fe9cd810800   79       3       java.lang.String::replace (127 bytes)
Event: 3.212 Thread 0x00007fe9cd810800 nmethod 79 0x00000001175c9690 code [0x00000001175c9840, 0x00000001175c9ef0]
Event: 3.221 Thread 0x00007fe9cd810800   80       1       java.nio.Buffer::position (5 bytes)
Event: 3.221 Thread 0x00007fe9cd810800 nmethod 80 0x00000001175c93d0 code [0x00000001175c9520, 0x00000001175c9630]

GC Heap History (0 events):
No events

Deoptimization events (0 events):
No events

Internal exceptions (7 events):
Event: 0.066 Thread 0x00007fe9cd002800 Exception <a 'java/lang/NoSuchMethodError': Method sun.misc.Unsafe.defineClass(Ljava/lang/String;[BII)Ljava/lang/Class; name or signature does not match> (0x0000000795587ca8) thrown at [/Users/java_re/workspace/8-2-build-macosx-x86_64/jdk8u131/8869/hotspo
Event: 0.066 Thread 0x00007fe9cd002800 Exception <a 'java/lang/NoSuchMethodError': Method sun.misc.Unsafe.prefetchRead(Ljava/lang/Object;J)V name or signature does not match> (0x0000000795587f90) thrown at [/Users/java_re/workspace/8-2-build-macosx-x86_64/jdk8u131/8869/hotspot/src/share/vm/pri
Event: 0.232 Thread 0x00007fe9cd002800 Exception <a 'java/util/zip/ZipException'> (0x0000000795606948) thrown at [/Users/java_re/workspace/8-2-build-macosx-x86_64/jdk8u131/8869/hotspot/src/share/vm/prims/jni.cpp, line 709]
Event: 0.233 Thread 0x00007fe9cd002800 Exception <a 'java/security/PrivilegedActionException'> (0x0000000795607080) thrown at [/Users/java_re/workspace/8-2-build-macosx-x86_64/jdk8u131/8869/hotspot/src/share/vm/prims/jvm.cpp, line 1390]
Event: 0.233 Thread 0x00007fe9cd002800 Exception <a 'java/security/PrivilegedActionException'> (0x0000000795607290) thrown at [/Users/java_re/workspace/8-2-build-macosx-x86_64/jdk8u131/8869/hotspot/src/share/vm/prims/jvm.cpp, line 1390]
Event: 3.185 Thread 0x00007fe9cc098800 Exception <a 'java/io/FileNotFoundException'> (0x00000007958834a8) thrown at [/Users/java_re/workspace/8-2-build-macosx-x86_64/jdk8u131/8869/hotspot/src/share/vm/prims/jni.cpp, line 709]
Event: 3.186 Thread 0x00007fe9cc098800 Exception <a 'java/io/FileNotFoundException'> (0x0000000795885890) thrown at [/Users/java_re/workspace/8-2-build-macosx-x86_64/jdk8u131/8869/hotspot/src/share/vm/prims/jni.cpp, line 709]

Events (10 events):
Event: 3.197 loading class gnu/io/UnSupportedLoggerException
Event: 3.197 loading class gnu/io/UnSupportedLoggerException done
Event: 3.198 loading class java/lang/NumberFormatException
Event: 3.198 loading class java/lang/NumberFormatException done
Event: 3.200 loading class java/lang/IndexOutOfBoundsException
Event: 3.201 loading class java/lang/IndexOutOfBoundsException done
Event: 3.211 loading class gnu/io/RXTXPort$MonitorThread
Event: 3.211 loading class gnu/io/RXTXPort$MonitorThread done
Event: 3.213 Thread 0x00007fe9cc8e9000 Thread added: 0x00007fe9cc8e9000
Event: 3.222 Thread 0x00007fe9cc8e9000 Thread exited: 0x00007fe9cc8e9000


Dynamic libraries:
0x0000000043005000 	/System/Library/Frameworks/Cocoa.framework/Versions/A/Cocoa
0x0000000043005000 	/System/Library/Frameworks/Security.framework/Versions/A/Security
0x0000000043005000 	/System/Library/Frameworks/ApplicationServices.framework/Versions/A/ApplicationServices
0x0000000043005000 	/usr/lib/libz.1.dylib
0x0000000043005000 	/usr/lib/libSystem.B.dylib
0x0000000043005000 	/usr/lib/libobjc.A.dylib
0x0000000043005000 	/System/Library/Frameworks/CoreFoundation.framework/Versions/A/CoreFoundation
0x0000000043005000 	/System/Library/Frameworks/Foundation.framework/Versions/C/Foundation
0x0000000043005000 	/System/Library/Frameworks/AppKit.framework/Versions/C/AppKit
0x0000000043005000 	/System/Library/Frameworks/CoreData.framework/Versions/A/CoreData
0x0000000043005000 	/System/Library/PrivateFrameworks/RemoteViewServices.framework/Versions/A/RemoteViewServices
0x0000000043005000 	/System/Library/PrivateFrameworks/UIFoundation.framework/Versions/A/UIFoundation
0x0000000043005000 	/System/Library/PrivateFrameworks/DFRFoundation.framework/Versions/A/DFRFoundation
0x0000000043005000 	/usr/lib/libenergytrace.dylib
0x0000000043005000 	/System/Library/PrivateFrameworks/SkyLight.framework/Versions/A/SkyLight
0x0000000043005000 	/System/Library/Frameworks/CoreGraphics.framework/Versions/A/CoreGraphics
0x0000000043005000 	/usr/lib/libScreenReader.dylib
0x0000000043005000 	/System/Library/Frameworks/Accelerate.framework/Versions/A/Accelerate
0x0000000043005000 	/System/Library/Frameworks/IOSurface.framework/Versions/A/IOSurface
0x0000000043005000 	/System/Library/Frameworks/AudioToolbox.framework/Versions/A/AudioToolbox
0x0000000043005000 	/System/Library/Frameworks/AudioUnit.framework/Versions/A/AudioUnit
0x0000000043005000 	/System/Library/PrivateFrameworks/DataDetectorsCore.framework/Versions/A/DataDetectorsCore
0x0000000043005000 	/System/Library/PrivateFrameworks/DesktopServicesPriv.framework/Versions/A/DesktopServicesPriv
0x0000000043005000 	/System/Library/Frameworks/Carbon.framework/Versions/A/Frameworks/HIToolbox.framework/Versions/A/HIToolbox
0x0000000043005000 	/usr/lib/libicucore.A.dylib
0x0000000043005000 	/System/Library/Frameworks/QuartzCore.framework/Versions/A/QuartzCore
0x0000000043005000 	/System/Library/Frameworks/Carbon.framework/Versions/A/Frameworks/SpeechRecognition.framework/Versions/A/SpeechRecognition
0x0000000043005000 	/usr/lib/libauto.dylib
0x0000000043005000 	/usr/lib/libxml2.2.dylib
0x0000000043005000 	/System/Library/PrivateFrameworks/CoreUI.framework/Versions/A/CoreUI
0x0000000043005000 	/System/Library/Frameworks/CoreAudio.framework/Versions/A/CoreAudio
0x0000000043005000 	/System/Library/Frameworks/DiskArbitration.framework/Versions/A/DiskArbitration
0x0000000043005000 	/usr/lib/liblangid.dylib
0x0000000043005000 	/System/Library/PrivateFrameworks/MultitouchSupport.framework/Versions/A/MultitouchSupport
0x0000000043005000 	/System/Library/Frameworks/IOKit.framework/Versions/A/IOKit
0x0000000043005000 	/usr/lib/libDiagnosticMessagesClient.dylib
0x0000000043005000 	/System/Library/Frameworks/CoreServices.framework/Versions/A/CoreServices
0x0000000043005000 	/System/Library/PrivateFrameworks/PerformanceAnalysis.framework/Versions/A/PerformanceAnalysis
0x0000000043005000 	/System/Library/PrivateFrameworks/GenerationalStorage.framework/Versions/A/GenerationalStorage
0x0000000043005000 	/System/Library/Frameworks/OpenGL.framework/Versions/A/OpenGL
0x0000000043005000 	/System/Library/Frameworks/CoreImage.framework/Versions/A/CoreImage
0x0000000043005000 	/System/Library/Frameworks/CoreText.framework/Versions/A/CoreText
0x0000000043005000 	/System/Library/Frameworks/ImageIO.framework/Versions/A/ImageIO
0x0000000043005000 	/System/Library/PrivateFrameworks/Backup.framework/Versions/A/Backup
0x0000000043005000 	/usr/lib/libarchive.2.dylib
0x0000000043005000 	/System/Library/Frameworks/CFNetwork.framework/Versions/A/CFNetwork
0x0000000043005000 	/System/Library/Frameworks/SystemConfiguration.framework/Versions/A/SystemConfiguration
0x0000000043005000 	/usr/lib/libCRFSuite.dylib
0x0000000043005000 	/usr/lib/libc++.1.dylib
0x0000000043005000 	/usr/lib/libc++abi.dylib
0x0000000043005000 	/usr/lib/system/libcache.dylib
0x0000000043005000 	/usr/lib/system/libcommonCrypto.dylib
0x0000000043005000 	/usr/lib/system/libcompiler_rt.dylib
0x0000000043005000 	/usr/lib/system/libcopyfile.dylib
0x0000000043005000 	/usr/lib/system/libcorecrypto.dylib
0x0000000043005000 	/usr/lib/system/libdispatch.dylib
0x0000000043005000 	/usr/lib/system/libdyld.dylib
0x0000000043005000 	/usr/lib/system/libkeymgr.dylib
0x0000000043005000 	/usr/lib/system/liblaunch.dylib
0x0000000043005000 	/usr/lib/system/libmacho.dylib
0x0000000043005000 	/usr/lib/system/libquarantine.dylib
0x0000000043005000 	/usr/lib/system/libremovefile.dylib
0x0000000043005000 	/usr/lib/system/libsystem_asl.dylib
0x0000000043005000 	/usr/lib/system/libsystem_blocks.dylib
0x0000000043005000 	/usr/lib/system/libsystem_c.dylib
0x0000000043005000 	/usr/lib/system/libsystem_configuration.dylib
0x0000000043005000 	/usr/lib/system/libsystem_coreservices.dylib
0x0000000043005000 	/usr/lib/system/libsystem_coretls.dylib
0x0000000043005000 	/usr/lib/system/libsystem_dnssd.dylib
0x0000000043005000 	/usr/lib/system/libsystem_info.dylib
0x0000000043005000 	/usr/lib/system/libsystem_kernel.dylib
0x0000000043005000 	/usr/lib/system/libsystem_m.dylib
0x0000000043005000 	/usr/lib/system/libsystem_malloc.dylib
0x0000000043005000 	/usr/lib/system/libsystem_network.dylib
0x0000000043005000 	/usr/lib/system/libsystem_networkextension.dylib
0x0000000043005000 	/usr/lib/system/libsystem_notify.dylib
0x0000000043005000 	/usr/lib/system/libsystem_platform.dylib
0x0000000043005000 	/usr/lib/system/libsystem_pthread.dylib
0x0000000043005000 	/usr/lib/system/libsystem_sandbox.dylib
0x0000000043005000 	/usr/lib/system/libsystem_secinit.dylib
0x0000000043005000 	/usr/lib/system/libsystem_symptoms.dylib
0x0000000043005000 	/usr/lib/system/libsystem_trace.dylib
0x0000000043005000 	/usr/lib/system/libunwind.dylib
0x0000000043005000 	/usr/lib/system/libxpc.dylib
0x0000000043005000 	/usr/lib/libbsm.0.dylib
0x0000000043005000 	/usr/lib/system/libkxld.dylib
0x0000000043005000 	/usr/lib/libcoretls.dylib
0x0000000043005000 	/usr/lib/libcoretls_cfhelpers.dylib
0x0000000043005000 	/usr/lib/libOpenScriptingUtil.dylib
0x0000000043005000 	/usr/lib/libpam.2.dylib
0x0000000043005000 	/usr/lib/libsqlite3.dylib
0x0000000043005000 	/usr/lib/libxar.1.dylib
0x0000000043005000 	/usr/lib/libbz2.1.0.dylib
0x0000000043005000 	/usr/lib/liblzma.5.dylib
0x0000000043005000 	/usr/lib/libnetwork.dylib
0x0000000043005000 	/usr/lib/libpcap.A.dylib
0x0000000043005000 	/System/Library/Frameworks/CoreServices.framework/Versions/A/Frameworks/FSEvents.framework/Versions/A/FSEvents
0x0000000043005000 	/System/Library/Frameworks/CoreServices.framework/Versions/A/Frameworks/CarbonCore.framework/Versions/A/CarbonCore
0x0000000043005000 	/System/Library/Frameworks/CoreServices.framework/Versions/A/Frameworks/Metadata.framework/Versions/A/Metadata
0x0000000043005000 	/System/Library/Frameworks/CoreServices.framework/Versions/A/Frameworks/OSServices.framework/Versions/A/OSServices
0x0000000043005000 	/System/Library/Frameworks/CoreServices.framework/Versions/A/Frameworks/SearchKit.framework/Versions/A/SearchKit
0x0000000043005000 	/System/Library/Frameworks/CoreServices.framework/Versions/A/Frameworks/AE.framework/Versions/A/AE
0x0000000043005000 	/System/Library/Frameworks/CoreServices.framework/Versions/A/Frameworks/LaunchServices.framework/Versions/A/LaunchServices
0x0000000043005000 	/System/Library/Frameworks/CoreServices.framework/Versions/A/Frameworks/DictionaryServices.framework/Versions/A/DictionaryServices
0x0000000043005000 	/System/Library/Frameworks/CoreServices.framework/Versions/A/Frameworks/SharedFileList.framework/Versions/A/SharedFileList
0x0000000043005000 	/System/Library/Frameworks/NetFS.framework/Versions/A/NetFS
0x0000000043005000 	/System/Library/PrivateFrameworks/NetAuth.framework/Versions/A/NetAuth
0x0000000043005000 	/System/Library/PrivateFrameworks/login.framework/Versions/A/Frameworks/loginsupport.framework/Versions/A/loginsupport
0x0000000043005000 	/System/Library/PrivateFrameworks/TCC.framework/Versions/A/TCC
0x0000000043005000 	/usr/lib/libmecabra.dylib
0x0000000043005000 	/System/Library/Frameworks/ApplicationServices.framework/Versions/A/Frameworks/ATS.framework/Versions/A/ATS
0x0000000043005000 	/System/Library/Frameworks/ApplicationServices.framework/Versions/A/Frameworks/ColorSync.framework/Versions/A/ColorSync
0x0000000043005000 	/System/Library/Frameworks/ApplicationServices.framework/Versions/A/Frameworks/HIServices.framework/Versions/A/HIServices
0x0000000043005000 	/System/Library/Frameworks/ApplicationServices.framework/Versions/A/Frameworks/LangAnalysis.framework/Versions/A/LangAnalysis
0x0000000043005000 	/System/Library/Frameworks/ApplicationServices.framework/Versions/A/Frameworks/PrintCore.framework/Versions/A/PrintCore
0x0000000043005000 	/System/Library/Frameworks/ApplicationServices.framework/Versions/A/Frameworks/QD.framework/Versions/A/QD
0x0000000043005000 	/System/Library/Frameworks/ApplicationServices.framework/Versions/A/Frameworks/SpeechSynthesis.framework/Versions/A/SpeechSynthesis
0x0000000043005000 	/System/Library/Frameworks/Accelerate.framework/Versions/A/Frameworks/vImage.framework/Versions/A/vImage
0x0000000043005000 	/System/Library/Frameworks/Accelerate.framework/Versions/A/Frameworks/vecLib.framework/Versions/A/vecLib
0x0000000043005000 	/System/Library/Frameworks/Accelerate.framework/Versions/A/Frameworks/vecLib.framework/Versions/A/libvDSP.dylib
0x0000000043005000 	/System/Library/Frameworks/Accelerate.framework/Versions/A/Frameworks/vecLib.framework/Versions/A/libBNNS.dylib
0x0000000043005000 	/System/Library/Frameworks/Accelerate.framework/Versions/A/Frameworks/vecLib.framework/Versions/A/libQuadrature.dylib
0x0000000043005000 	/System/Library/Frameworks/Accelerate.framework/Versions/A/Frameworks/vecLib.framework/Versions/A/libvMisc.dylib
0x0000000043005000 	/System/Library/Frameworks/Accelerate.framework/Versions/A/Frameworks/vecLib.framework/Versions/A/libLAPACK.dylib
0x0000000043005000 	/System/Library/Frameworks/Accelerate.framework/Versions/A/Frameworks/vecLib.framework/Versions/A/libBLAS.dylib
0x0000000043005000 	/System/Library/Frameworks/Accelerate.framework/Versions/A/Frameworks/vecLib.framework/Versions/A/libLinearAlgebra.dylib
0x0000000043005000 	/System/Library/Frameworks/Accelerate.framework/Versions/A/Frameworks/vecLib.framework/Versions/A/libSparseBLAS.dylib
0x0000000043005000 	/System/Library/Frameworks/ApplicationServices.framework/Versions/A/Frameworks/ATS.framework/Versions/A/Resources/libFontParser.dylib
0x0000000043005000 	/System/Library/Frameworks/ApplicationServices.framework/Versions/A/Frameworks/ATS.framework/Versions/A/Resources/libFontRegistry.dylib
0x0000000043005000 	/System/Library/Frameworks/ImageIO.framework/Versions/A/Resources/libJPEG.dylib
0x0000000043005000 	/System/Library/Frameworks/ImageIO.framework/Versions/A/Resources/libTIFF.dylib
0x0000000043005000 	/System/Library/Frameworks/ImageIO.framework/Versions/A/Resources/libPng.dylib
0x0000000043005000 	/System/Library/Frameworks/ImageIO.framework/Versions/A/Resources/libGIF.dylib
0x0000000043005000 	/System/Library/Frameworks/ImageIO.framework/Versions/A/Resources/libJP2.dylib
0x0000000043005000 	/System/Library/Frameworks/ImageIO.framework/Versions/A/Resources/libRadiance.dylib
0x0000000043005000 	/usr/lib/libcompression.dylib
0x0000000043005000 	/System/Library/PrivateFrameworks/AppleJPEG.framework/Versions/A/AppleJPEG
0x0000000043005000 	/usr/lib/libcups.2.dylib
0x0000000043005000 	/System/Library/Frameworks/Kerberos.framework/Versions/A/Kerberos
0x0000000043005000 	/System/Library/Frameworks/GSS.framework/Versions/A/GSS
0x0000000043005000 	/usr/lib/libresolv.9.dylib
0x0000000043005000 	/usr/lib/libiconv.2.dylib
0x0000000043005000 	/System/Library/PrivateFrameworks/Heimdal.framework/Versions/A/Heimdal
0x0000000043005000 	/usr/lib/libheimdal-asn1.dylib
0x0000000043005000 	/System/Library/Frameworks/OpenDirectory.framework/Versions/A/OpenDirectory
0x0000000043005000 	/System/Library/PrivateFrameworks/CommonAuth.framework/Versions/A/CommonAuth
0x0000000043005000 	/System/Library/Frameworks/OpenDirectory.framework/Versions/A/Frameworks/CFOpenDirectory.framework/Versions/A/CFOpenDirectory
0x0000000043005000 	/System/Library/Frameworks/SecurityFoundation.framework/Versions/A/SecurityFoundation
0x0000000043005000 	/System/Library/PrivateFrameworks/LanguageModeling.framework/Versions/A/LanguageModeling
0x0000000043005000 	/usr/lib/libmarisa.dylib
0x0000000043005000 	/usr/lib/libChineseTokenizer.dylib
0x0000000043005000 	/usr/lib/libcmph.dylib
0x0000000043005000 	/System/Library/PrivateFrameworks/CoreEmoji.framework/Versions/A/CoreEmoji
0x0000000043005000 	/System/Library/Frameworks/ServiceManagement.framework/Versions/A/ServiceManagement
0x0000000043005000 	/usr/lib/libxslt.1.dylib
0x0000000043005000 	/System/Library/Frameworks/Carbon.framework/Versions/A/Frameworks/Ink.framework/Versions/A/Ink
0x0000000043005000 	/System/Library/PrivateFrameworks/TextureIO.framework/Versions/A/TextureIO
0x0000000043005000 	/System/Library/Frameworks/Metal.framework/Versions/A/Metal
0x0000000043005000 	/usr/lib/libate.dylib
0x0000000043005000 	/System/Library/PrivateFrameworks/GPUCompiler.framework/libmetal_timestamp.dylib
0x0000000043005000 	/System/Library/Frameworks/OpenGL.framework/Versions/A/Libraries/libCoreFSCache.dylib
0x0000000043005000 	/System/Library/PrivateFrameworks/IOAccelerator.framework/Versions/A/IOAccelerator
0x0000000043005000 	/System/Library/Frameworks/CoreVideo.framework/Versions/A/CoreVideo
0x0000000043005000 	/usr/lib/libFosl_dynamic.dylib
0x0000000043005000 	/System/Library/PrivateFrameworks/MetalPerformanceShaders.framework/Versions/A/MetalPerformanceShaders
0x0000000043005000 	/System/Library/PrivateFrameworks/FaceCore.framework/Versions/A/FaceCore
0x0000000043005000 	/System/Library/Frameworks/OpenCL.framework/Versions/A/OpenCL
0x0000000043005000 	/System/Library/Frameworks/OpenGL.framework/Versions/A/Libraries/libGLU.dylib
0x0000000043005000 	/System/Library/Frameworks/OpenGL.framework/Versions/A/Libraries/libGFXShared.dylib
0x0000000043005000 	/System/Library/Frameworks/OpenGL.framework/Versions/A/Libraries/libGL.dylib
0x0000000043005000 	/System/Library/Frameworks/OpenGL.framework/Versions/A/Libraries/libGLImage.dylib
0x0000000043005000 	/System/Library/Frameworks/OpenGL.framework/Versions/A/Libraries/libCVMSPluginSupport.dylib
0x0000000043005000 	/System/Library/Frameworks/OpenGL.framework/Versions/A/Libraries/libCoreVMClient.dylib
0x0000000043005000 	/System/Library/PrivateFrameworks/CrashReporterSupport.framework/Versions/A/CrashReporterSupport
0x0000000043005000 	/System/Library/PrivateFrameworks/Sharing.framework/Versions/A/Sharing
0x0000000043005000 	/System/Library/PrivateFrameworks/IconServices.framework/Versions/A/IconServices
0x0000000043005000 	/System/Library/PrivateFrameworks/ProtocolBuffer.framework/Versions/A/ProtocolBuffer
0x0000000043005000 	/System/Library/PrivateFrameworks/Apple80211.framework/Versions/A/Apple80211
0x0000000043005000 	/System/Library/Frameworks/CoreWLAN.framework/Versions/A/CoreWLAN
0x0000000043005000 	/System/Library/PrivateFrameworks/CoreUtils.framework/Versions/A/CoreUtils
0x0000000043005000 	/System/Library/Frameworks/IOBluetooth.framework/Versions/A/IOBluetooth
0x0000000043005000 	/System/Library/PrivateFrameworks/CoreWiFi.framework/Versions/A/CoreWiFi
0x0000000043005000 	/System/Library/Frameworks/CoreBluetooth.framework/Versions/A/CoreBluetooth
0x0000000043005000 	/System/Library/Frameworks/CoreDisplay.framework/Versions/A/CoreDisplay
0x0000000043005000 	/System/Library/PrivateFrameworks/IOPresentment.framework/Versions/A/IOPresentment
0x0000000043005000 	/System/Library/PrivateFrameworks/DSExternalDisplay.framework/Versions/A/DSExternalDisplay
0x0000000043005000 	/System/Library/PrivateFrameworks/DebugSymbols.framework/Versions/A/DebugSymbols
0x0000000043005000 	/System/Library/PrivateFrameworks/CoreSymbolication.framework/Versions/A/CoreSymbolication
0x0000000043005000 	/System/Library/PrivateFrameworks/Symbolication.framework/Versions/A/Symbolication
0x0000000043005000 	/System/Library/PrivateFrameworks/AppleFSCompression.framework/Versions/A/AppleFSCompression
0x0000000043005000 	/System/Library/PrivateFrameworks/SpeechRecognitionCore.framework/Versions/A/SpeechRecognitionCore
0x0000000043005000 	/System/Library/PrivateFrameworks/ChunkingLibrary.framework/Versions/A/ChunkingLibrary
0x000000004e962000 	/System/Library/CoreServices/Encodings/libJapaneseConverter.dylib
0x00000001092b4000 	/Library/Java/JavaVirtualMachines/jdk1.8.0_131.jdk/Contents/Home/jre/lib/server/libjvm.dylib
0x0000000043005000 	/usr/lib/libstdc++.6.dylib
0x000000010a257000 	/Library/Java/JavaVirtualMachines/jdk1.8.0_131.jdk/Contents/Home/jre/lib/libverify.dylib
0x000000010a265000 	/Library/Java/JavaVirtualMachines/jdk1.8.0_131.jdk/Contents/Home/jre/lib/libjava.dylib
0x000000010a29b000 	/Library/Java/JavaVirtualMachines/jdk1.8.0_131.jdk/Contents/Home/jre/lib/libinstrument.dylib
0x000000010a2f9000 	/Library/Java/JavaVirtualMachines/jdk1.8.0_131.jdk/Contents/Home/jre/lib/libzip.dylib
0x0000000111442000 	/System/Library/Frameworks/JavaVM.framework/Frameworks/JavaRuntimeSupport.framework/JavaRuntimeSupport
0x000000011145c000 	/System/Library/Frameworks/JavaVM.framework/Versions/A/Frameworks/JavaNativeFoundation.framework/Versions/A/JavaNativeFoundation
0x0000000111471000 	/System/Library/Frameworks/JavaVM.framework/Versions/A/JavaVM
0x0000000043005000 	/System/Library/Frameworks/Carbon.framework/Versions/A/Carbon
0x000000011147e000 	/System/Library/PrivateFrameworks/JavaLaunching.framework/Versions/A/JavaLaunching
0x0000000043005000 	/System/Library/Frameworks/Carbon.framework/Versions/A/Frameworks/CommonPanels.framework/Versions/A/CommonPanels
0x0000000043005000 	/System/Library/Frameworks/Carbon.framework/Versions/A/Frameworks/Help.framework/Versions/A/Help
0x0000000043005000 	/System/Library/Frameworks/Carbon.framework/Versions/A/Frameworks/ImageCapture.framework/Versions/A/ImageCapture
0x0000000043005000 	/System/Library/Frameworks/Carbon.framework/Versions/A/Frameworks/OpenScripting.framework/Versions/A/OpenScripting
0x0000000043005000 	/System/Library/Frameworks/Carbon.framework/Versions/A/Frameworks/Print.framework/Versions/A/Print
0x0000000043005000 	/System/Library/Frameworks/Carbon.framework/Versions/A/Frameworks/SecurityHI.framework/Versions/A/SecurityHI
0x0000000112ea8000 	/Library/Java/JavaVirtualMachines/jdk1.8.0_131.jdk/Contents/Home/jre/lib/libnet.dylib
0x0000000112f07000 	/Library/Java/Extensions/librxtxSerial.jnilib

VM Arguments:
jvm_args: -javaagent:/Applications/IntelliJ IDEA.app/Contents/lib/idea_rt.jar=50208:/Applications/IntelliJ IDEA.app/Contents/bin -Dfile.encoding=UTF-8 
java_command: Manager
java_class_path (initial): /Library/Java/JavaVirtualMachines/jdk1.8.0_131.jdk/Contents/Home/jre/lib/charsets.jar:/Library/Java/JavaVirtualMachines/jdk1.8.0_131.jdk/Contents/Home/jre/lib/deploy.jar:/Library/Java/JavaVirtualMachines/jdk1.8.0_131.jdk/Contents/Home/jre/lib/ext/cldrdata.jar:/Library/Java/JavaVirtualMachines/jdk1.8.0_131.jdk/Contents/Home/jre/lib/ext/dnsns.jar:/Library/Java/JavaVirtualMachines/jdk1.8.0_131.jdk/Contents/Home/jre/lib/ext/jaccess.jar:/Library/Java/JavaVirtualMachines/jdk1.8.0_131.jdk/Contents/Home/jre/lib/ext/jfxrt.jar:/Library/Java/JavaVirtualMachines/jdk1.8.0_131.jdk/Contents/Home/jre/lib/ext/localedata.jar:/Library/Java/JavaVirtualMachines/jdk1.8.0_131.jdk/Contents/Home/jre/lib/ext/nashorn.jar:/Library/Java/JavaVirtualMachines/jdk1.8.0_131.jdk/Contents/Home/jre/lib/ext/sunec.jar:/Library/Java/JavaVirtualMachines/jdk1.8.0_131.jdk/Contents/Home/jre/lib/ext/sunjce_provider.jar:/Library/Java/JavaVirtualMachines/jdk1.8.0_131.jdk/Contents/Home/jre/lib/ext/sunpkcs11.jar:/Library/Java/JavaVirtualMachines/jdk1.8.0_131.jdk/Contents/Home/jre/lib/ext/zipfs.jar:/Library/Java/JavaVirtualMachines/jdk1.8.0_131.jdk/Contents/Home/jre/lib/javaws.jar:/Library/Java/JavaVirtualMachines/jdk1.8.0_131.jdk/Contents/Home/jre/lib/jce.jar:/Library/Java/JavaVirtualMachines/jdk1.8.0_131.jdk/Contents/Home/jre/lib/jfr.jar:/Library/Java/JavaVirtualMachines/jdk1.8.0_131.jdk/Contents/Home/jre/lib/jfxswt.jar:/Library/Java/JavaVirtualMachines/jdk1.8.0_131.jdk/Contents/Home/jre/lib/jsse.jar:/Library/Java/JavaVirtualMachines/jdk1.8.0_131.jdk/Contents/Home/jre/lib/management-agent.jar:/Library/Java/JavaVirtualMachines/jdk1.8.0_131.jdk/Contents/Home/jre/lib/plugin.jar:/Library/Java/JavaVirtualMachines/jdk1.8.0_131.jdk/Contents/Home/jre/lib/resources.jar:/Library/Java/JavaVirtualMachines/jdk1.8.0_131.jdk/Contents/Home/jre/lib/rt.jar:/Library/Java/JavaVirtualMachines/jdk1.8.0_131.jdk/Contents/Home/lib/ant-javafx.jar:/Library/Java/JavaVirtualMachines/jdk1.8.0_131.jdk/Contents/Home
Launcher Type: SUN_STANDARD

Environment Variables:
PATH=/Applications/UpTeX.app/Contents/Resources/TEX/texbin:/usr/local/bin:/usr/bin:/bin:/usr/sbin:/sbin:/usr/local/bin:/usr/bin
SHELL=/usr/local/bin/zsh

Signal Handlers:
SIGSEGV: [libjvm.dylib+0x5b1eb1], sa_mask[0]=11111111011111110111111111111111, sa_flags=SA_ONSTACK|SA_RESTART|SA_SIGINFO
SIGBUS: [libjvm.dylib+0x5b1eb1], sa_mask[0]=11111111011111110111111111111111, sa_flags=SA_RESTART|SA_SIGINFO
SIGFPE: [libjvm.dylib+0x488988], sa_mask[0]=11111111011111110111111111111111, sa_flags=SA_RESTART|SA_SIGINFO
SIGPIPE: [libjvm.dylib+0x488988], sa_mask[0]=11111111011111110111111111111111, sa_flags=SA_RESTART|SA_SIGINFO
SIGXFSZ: [libjvm.dylib+0x488988], sa_mask[0]=11111111011111110111111111111111, sa_flags=SA_RESTART|SA_SIGINFO
SIGILL: [libjvm.dylib+0x488988], sa_mask[0]=11111111011111110111111111111111, sa_flags=SA_RESTART|SA_SIGINFO
SIGUSR1: SIG_DFL, sa_mask[0]=00000000000000000000000000000000, sa_flags=none
SIGUSR2: [libjvm.dylib+0x4884a6], sa_mask[0]=00100000000000000000000000000000, sa_flags=SA_RESTART|SA_SIGINFO
SIGHUP: [libjvm.dylib+0x486a7d], sa_mask[0]=11111111011111110111111111111111, sa_flags=SA_RESTART|SA_SIGINFO
SIGINT: [libjvm.dylib+0x486a7d], sa_mask[0]=11111111011111110111111111111111, sa_flags=SA_RESTART|SA_SIGINFO
SIGTERM: [libjvm.dylib+0x486a7d], sa_mask[0]=11111111011111110111111111111111, sa_flags=SA_RESTART|SA_SIGINFO
SIGQUIT: [libjvm.dylib+0x486a7d], sa_mask[0]=11111111011111110111111111111111, sa_flags=SA_RESTART|SA_SIGINFO


---------------  S Y S T E M  ---------------

OS:Bsduname:Darwin 16.5.0 Darwin Kernel Version 16.5.0: Fri Mar  3 16:52:33 PST 2017; root:xnu-3789.51.2~3/RELEASE_X86_64 x86_64
rlimit: STACK 8192k, CORE 0k, NPROC 709, NOFILE 10240, AS infinity
load average:2.83 2.71 5.77

CPU:total 4 (initial active 4) (2 cores per cpu, 2 threads per core) family 6 model 69 stepping 1, cmov, cx8, fxsr, mmx, sse, sse2, sse3, ssse3, sse4.1, sse4.2, popcnt, avx, avx2, aes, clmul, erms, lzcnt, ht, tsc, tscinvbit, bmi1, bmi2

Memory: 4k page, physical 8388608k(277116k free)

/proc/meminfo:


vm_info: Java HotSpot(TM) 64-Bit Server VM (25.131-b11) for bsd-amd64 JRE (1.8.0_131-b11), built on Mar 15 2017 01:32:22 by "java_re" with gcc 4.2.1 (Based on Apple Inc. build 5658) (LLVM build 2336.11.00)

time: Tue Jun 13 23:05:14 2017
elapsed time: 3 seconds (0d 0h 0m 3s)

